<?xml version="1.0" encoding="UTF-8"?>
<!-- Generated by org.testng.reporters.JUnitXMLReporter -->
<testsuite ignored="0" hostname="DESKTOP-2STG0VN" failures="1" tests="8" name="Surefire test" time="141.933" errors="0" timestamp="2022-09-21T22:49:29 EDT">
  <testcase classname="com.crm.qa.testcases.ContactsPageTest" name="enterVariousEntries" time="8.564"/>
  <testcase classname="com.crm.qa.testcases.ContactsPageTest" name="enterVariousEntries" time="5.191"/>
  <testcase classname="com.crm.qa.testcases.ContactsPageTest" name="enterVariousEntries" time="5.11"/>
  <testcase classname="com.crm.qa.testcases.ContactsPageTest" name="contactLinkTest" time="0.198"/>
  <testcase classname="com.crm.qa.testcases.ContactsPageTest" name="selectingContactByName" time="2.547"/>
  <testcase classname="com.crm.qa.testcases.ContactsPageTest" name="selectingContactMultipleNames" time="3.644"/>
  <testcase classname="com.crm.qa.testcases.LandingPageTest" name="verifyTitle" time="0.051">
    <failure type="java.lang.AssertionError" message="expected [Free CRM software for customer relationship management] but found [#1 Free CRM customer relationship management software cloud]">
      <![CDATA[java.lang.AssertionError: expected [Free CRM software for customer relationship management] but found [#1 Free CRM customer relationship management software cloud]
at com.crm.qa.testcases.LandingPageTest.verifyTitle(LandingPageTest.java:38)
at java.base/java.util.ArrayList.forEach(ArrayList.java:1541)
... Removed 38 stack frames]]>
    </failure>
  </testcase> <!-- verifyTitle -->
  <testcase classname="com.crm.qa.testcases.LoginPageTest" name="logginInTest" time="4.033"/>
</testsuite> <!-- Surefire test -->
