<?xml version="1.0" encoding="UTF-8"?>
<!-- Generated by org.testng.reporters.JUnitXMLReporter -->
<testsuite ignored="3" hostname="DESKTOP-2STG0VN" failures="0" tests="3" name="Default test" time="50.979" errors="0" timestamp="2022-09-21T18:19:01 EDT">
  <testcase classname="com.crm.qa.testcases.ContactsPageTest" name="enterVariousEntries" time="3.997"/>
  <testcase classname="com.crm.qa.testcases.ContactsPageTest" name="enterVariousEntries" time="4.281"/>
  <testcase classname="com.crm.qa.testcases.ContactsPageTest" name="enterVariousEntries" time="4.288"/>
  <testcase classname="com.crm.qa.testcases.ContactsPageTest" name="contactLinkTest" time="0.0">
    <ignored/>
  </testcase> <!-- contactLinkTest -->
  <testcase classname="com.crm.qa.testcases.ContactsPageTest" name="selectingContactByName" time="0.0">
    <ignored/>
  </testcase> <!-- selectingContactByName -->
  <testcase classname="com.crm.qa.testcases.ContactsPageTest" name="selectingContactMultipleNames" time="0.0">
    <ignored/>
  </testcase> <!-- selectingContactMultipleNames -->
</testsuite> <!-- Default test -->
