<?xml version="1.0" encoding="UTF-8"?>
<!-- Generated by org.testng.reporters.JUnitXMLReporter -->
<testsuite ignored="0" hostname="DESKTOP-2STG0VN" failures="0" tests="3" name="Test" time="50.732" errors="0" timestamp="2022-09-25T02:44:41 EDT">
  <testcase classname="com.crm.qa.testcases.HomePageTestcases" name="verifyHomePageTitle" time="0.076"/>
  <testcase classname="com.crm.qa.testcases.HomePageTestcases" name="hover" time="1.894"/>
  <testcase classname="com.crm.qa.testcases.HomePageTestcases" name="verifyUser" time="1.87"/>
</testsuite> <!-- Test -->
