-------------------------------------------------------------------------------
Test set: TestSuite
-------------------------------------------------------------------------------
Tests run: 8, Failures: 1, Errors: 0, Skipped: 0, Time elapsed: 144.197 s <<< FAILURE! - in TestSuite
verifyTitle(com.crm.qa.testcases.LandingPageTest)  Time elapsed: 0.068 s  <<< FAILURE!
java.lang.AssertionError: expected [Free CRM software for customer relationship management] but found [#1 Free CRM customer relationship management software cloud]
	at com.crm.qa.testcases.LandingPageTest.verifyTitle(LandingPageTest.java:38)

