<?xml version="1.0" encoding="UTF-8"?>
<testng-results ignored="0" total="1" passed="1" failed="0" skipped="0">
  <reporter-output>
  </reporter-output>
  <suite started-at="2022-09-21T19:57:03 EDT" name="Suite" finished-at="2022-09-21T19:57:24 EDT" duration-ms="20490">
    <groups>
    </groups>
    <test started-at="2022-09-21T19:57:03 EDT" name="Test" finished-at="2022-09-21T19:57:24 EDT" duration-ms="20490">
      <class name="com.crm.qa.testcases.LoginPageTest">
        <test-method is-config="true" signature="setUp()[pri:0, instance:com.crm.qa.testcases.LoginPageTest@b9b00e0]" started-at="2022-09-21T19:57:03 EDT" name="setUp" finished-at="2022-09-21T19:57:18 EDT" duration-ms="15028" status="PASS">
          <reporter-output>
          </reporter-output>
        </test-method> <!-- setUp -->
        <test-method signature="logginInTest()[pri:0, instance:com.crm.qa.testcases.LoginPageTest@b9b00e0]" started-at="2022-09-21T19:57:18 EDT" name="logginInTest" finished-at="2022-09-21T19:57:22 EDT" duration-ms="3987" status="PASS">
          <reporter-output>
          </reporter-output>
        </test-method> <!-- logginInTest -->
        <test-method is-config="true" signature="tearDown()[pri:0, instance:com.crm.qa.testcases.LoginPageTest@b9b00e0]" started-at="2022-09-21T19:57:22 EDT" name="tearDown" finished-at="2022-09-21T19:57:24 EDT" duration-ms="1368" status="PASS">
          <reporter-output>
          </reporter-output>
        </test-method> <!-- tearDown -->
      </class> <!-- com.crm.qa.testcases.LoginPageTest -->
    </test> <!-- Test -->
  </suite> <!-- Suite -->
</testng-results>
